0 verbose cli [
0 verbose cli   'C:\\Program Files\\nodejs\\node.exe',
0 verbose cli   'C:\\Users\\LENOVO\\AppData\\Roaming\\npm\\node_modules\\npm\\bin\\npm-cli.js',
0 verbose cli   'install',
0 verbose cli   'bootstrap@next'
0 verbose cli ]
1 info using npm@8.5.0
2 info using node@v17.5.0
3 timing npm:load:whichnode Completed in 0ms
4 timing config:load:defaults Completed in 2ms
5 timing config:load:file:C:\Users\LENOVO\AppData\Roaming\npm\node_modules\npm\npmrc Completed in 3ms
6 timing config:load:builtin Completed in 4ms
7 timing config:load:cli Completed in 2ms
8 timing config:load:env Completed in 1ms
9 timing config:load:file:D:\Internship\reactit\onlineshop\.npmrc Completed in 1ms
10 timing config:load:project Completed in 5ms
11 timing config:load:file:C:\Users\LENOVO\.npmrc Completed in 0ms
12 timing config:load:user Completed in 0ms
13 timing config:load:file:C:\Users\LENOVO\AppData\Roaming\npm\etc\npmrc Completed in 1ms
14 timing config:load:global Completed in 1ms
15 timing config:load:validate Completed in 0ms
16 timing config:load:credentials Completed in 1ms
17 timing config:load:setEnvs Completed in 2ms
18 timing config:load Completed in 18ms
19 timing npm:load:configload Completed in 18ms
20 timing npm:load:setTitle Completed in 0ms
21 timing config:load:flatten Completed in 4ms
22 timing npm:load:display Completed in 6ms
23 verbose logfile C:\Users\LENOVO\AppData\Local\npm-cache\_logs\2022-02-28T03_47_00_644Z-debug-0.log
24 timing npm:load:logFile Completed in 23ms
25 timing npm:load:timers Completed in 0ms
26 timing npm:load:configScope Completed in 0ms
27 timing npm:load Completed in 49ms
28 timing arborist:ctor Completed in 1ms
29 silly logfile start cleaning logs, removing 2 files
30 timing idealTree:init Completed in 1031ms
31 timing arborist:ctor Completed in 0ms
32 http fetch GET 200 https://registry.npmjs.org/bootstrap 811ms (cache hit)
33 timing idealTree Completed in 1850ms
34 timing command:install Completed in 1870ms
35 verbose type tag
36 verbose stack bootstrap: No matching version found for bootstrap@next.
36 verbose stack     at module.exports (C:\Users\LENOVO\AppData\Roaming\npm\node_modules\npm\node_modules\npm-pick-manifest\index.js:209:23)
36 verbose stack     at C:\Users\LENOVO\AppData\Roaming\npm\node_modules\npm\node_modules\pacote\lib\registry.js:118:26
36 verbose stack     at async Arborist.[retrieveSpecName] (C:\Users\LENOVO\AppData\Roaming\npm\node_modules\npm\node_modules\@npmcli\arborist\lib\arborist\build-ideal-tree.js:549:18)
36 verbose stack     at async C:\Users\LENOVO\AppData\Roaming\npm\node_modules\npm\node_modules\@npmcli\arborist\lib\arborist\build-ideal-tree.js:520:20
36 verbose stack     at async Promise.all (index 0)
36 verbose stack     at async Arborist.[applyUserRequestsToNode] (C:\Users\LENOVO\AppData\Roaming\npm\node_modules\npm\node_modules\@npmcli\arborist\lib\arborist\build-ideal-tree.js:488:7)
36 verbose stack     at async Arborist.[applyUserRequests] (C:\Users\LENOVO\AppData\Roaming\npm\node_modules\npm\node_modules\@npmcli\arborist\lib\arborist\build-ideal-tree.js:425:7)
36 verbose stack     at async Arborist.buildIdealTree (C:\Users\LENOVO\AppData\Roaming\npm\node_modules\npm\node_modules\@npmcli\arborist\lib\arborist\build-ideal-tree.js:214:7)
36 verbose stack     at async Promise.all (index 1)
36 verbose stack     at async Arborist.reify (C:\Users\LENOVO\AppData\Roaming\npm\node_modules\npm\node_modules\@npmcli\arborist\lib\arborist\reify.js:152:5)
37 verbose cwd D:\Internship\reactit\onlineshop
38 verbose Windows_NT 10.0.22000
39 verbose argv "C:\\Program Files\\nodejs\\node.exe" "C:\\Users\\LENOVO\\AppData\\Roaming\\npm\\node_modules\\npm\\bin\\npm-cli.js" "install" "bootstrap@next"
40 verbose node v17.5.0
41 verbose npm  v8.5.0
42 error code ETARGET
43 error notarget No matching version found for bootstrap@next.
44 error notarget In most cases you or one of your dependencies are requesting
44 error notarget a package version that doesn't exist.
45 verbose exit 1
46 timing npm Completed in 2347ms
47 verbose unfinished npm timer reify 1646020021110
48 verbose unfinished npm timer reify:loadTrees 1646020021125
49 verbose unfinished npm timer idealTree:userRequests 1646020022158
50 verbose code 1
51 error A complete log of this run can be found in:
51 error     C:\Users\LENOVO\AppData\Local\npm-cache\_logs\2022-02-28T03_47_00_644Z-debug-0.log
